0 info it worked if it ends with ok
1 verbose cli [ '/usr/bin/node', '/bin/npm', 'start' ]
2 info using npm@3.10.10
3 info using node@v6.10.2
4 verbose run-script [ 'prestart', 'start', 'poststart' ]
5 info lifecycle bomb-rest@1.0.0~prestart: bomb-rest@1.0.0
6 silly lifecycle bomb-rest@1.0.0~prestart: no script for prestart, continuing
7 info lifecycle bomb-rest@1.0.0~start: bomb-rest@1.0.0
8 verbose lifecycle bomb-rest@1.0.0~start: unsafe-perm in lifecycle true
9 verbose lifecycle bomb-rest@1.0.0~start: PATH: /usr/lib/node_modules/npm/bin/node-gyp-bin:/nfs/stak/users/townerc/CS340/BOMB/bomb-rest/node_modules/.bin:/usr/bin:/bin:/sbin:/usr/local/bin:/usr/bin:/usr/local/apps/bin:/nfs/stak/users/townerc/bin:.
10 verbose lifecycle bomb-rest@1.0.0~start: CWD: /nfs/stak/users/townerc/CS340/BOMB/bomb-rest
11 silly lifecycle bomb-rest@1.0.0~start: Args: [ '-c', 'node bomb_controller.mjs' ]
12 silly lifecycle bomb-rest@1.0.0~start: Returned: code: 1  signal: null
13 info lifecycle bomb-rest@1.0.0~start: Failed to exec start script
14 verbose stack Error: bomb-rest@1.0.0 start: `node bomb_controller.mjs`
14 verbose stack Exit status 1
14 verbose stack     at EventEmitter.<anonymous> (/usr/lib/node_modules/npm/lib/utils/lifecycle.js:255:16)
14 verbose stack     at emitTwo (events.js:106:13)
14 verbose stack     at EventEmitter.emit (events.js:191:7)
14 verbose stack     at ChildProcess.<anonymous> (/usr/lib/node_modules/npm/lib/utils/spawn.js:40:14)
14 verbose stack     at emitTwo (events.js:106:13)
14 verbose stack     at ChildProcess.emit (events.js:191:7)
14 verbose stack     at maybeClose (internal/child_process.js:886:16)
14 verbose stack     at Process.ChildProcess._handle.onexit (internal/child_process.js:226:5)
15 verbose pkgid bomb-rest@1.0.0
16 verbose cwd /nfs/stak/users/townerc/CS340/BOMB/bomb-rest
17 error Linux 3.10.0-1160.66.1.el7.x86_64
18 error argv "/usr/bin/node" "/bin/npm" "start"
19 error node v6.10.2
20 error npm  v3.10.10
21 error code ELIFECYCLE
22 error bomb-rest@1.0.0 start: `node bomb_controller.mjs`
22 error Exit status 1
23 error Failed at the bomb-rest@1.0.0 start script 'node bomb_controller.mjs'.
23 error Make sure you have the latest version of node.js and npm installed.
23 error If you do, this is most likely a problem with the bomb-rest package,
23 error not with npm itself.
23 error Tell the author that this fails on your system:
23 error     node bomb_controller.mjs
23 error You can get information on how to open an issue for this project with:
23 error     npm bugs bomb-rest
23 error Or if that isn't available, you can get their info via:
23 error     npm owner ls bomb-rest
23 error There is likely additional logging output above.
24 verbose exit [ 1, true ]
